<?xml version="1.0" encoding="UTF-8"?>
<coverage generated="1729212879420" clover="3.2.0">
  <project timestamp="1729212879420" name="All files">
    <metrics statements="6" coveredstatements="0" conditionals="0" coveredconditionals="0" methods="1" coveredmethods="0" elements="7" coveredelements="0" complexity="0" loc="6" ncloc="6" packages="3" files="4" classes="4"/>
    <package name="src">
      <metrics statements="2" coveredstatements="0" conditionals="0" coveredconditionals="0" methods="0" coveredmethods="0"/>
      <file name="main.js" path="C:\Users\Noite\Documents\GitHub\ProjetoIntegrador-SpcGrafeno-Front\spc_front\spc_login\src\main.js">
        <metrics statements="2" coveredstatements="0" conditionals="0" coveredconditionals="0" methods="0" coveredmethods="0"/>
        <line num="7" count="0" type="stmt"/>
        <line num="9" count="0" type="stmt"/>
      </file>
    </package>
    <package name="src.plugins">
      <metrics statements="2" coveredstatements="0" conditionals="0" coveredconditionals="0" methods="1" coveredmethods="0"/>
      <file name="vuetify.js" path="C:\Users\Noite\Documents\GitHub\ProjetoIntegrador-SpcGrafeno-Front\spc_front\spc_login\src\plugins\vuetify.js">
        <metrics statements="0" coveredstatements="0" conditionals="0" coveredconditionals="0" methods="0" coveredmethods="0"/>
      </file>
      <file name="webfontloader.js" path="C:\Users\Noite\Documents\GitHub\ProjetoIntegrador-SpcGrafeno-Front\spc_front\spc_login\src\plugins\webfontloader.js">
        <metrics statements="2" coveredstatements="0" conditionals="0" coveredconditionals="0" methods="1" coveredmethods="0"/>
        <line num="8" count="0" type="stmt"/>
        <line num="10" count="0" type="stmt"/>
      </file>
    </package>
    <package name="src.router">
      <metrics statements="2" coveredstatements="0" conditionals="0" coveredconditionals="0" methods="0" coveredmethods="0"/>
      <file name="index.js" path="C:\Users\Noite\Documents\GitHub\ProjetoIntegrador-SpcGrafeno-Front\spc_front\spc_login\src\router\index.js">
        <metrics statements="2" coveredstatements="0" conditionals="0" coveredconditionals="0" methods="0" coveredmethods="0"/>
        <line num="10" count="0" type="stmt"/>
        <line num="48" count="0" type="stmt"/>
      </file>
    </package>
  </project>
</coverage>
